Arguments: 
  /Users/macbook/.nvm/versions/node/v16.18.0/bin/node /Users/macbook/.nvm/versions/node/v16.18.0/bin/yarn add wei-ui

PATH: 
  /Users/macbook/.nvm/versions/node/v16.18.0/bin:/usr/local/bin:/usr/bin:/bin:/usr/sbin:/sbin:/Library/Apple/usr/bin:/Users/macbook/Desktop/前端/项目/weiUI/node_modules/.bin

Yarn version: 
  1.22.19

Node version: 
  16.18.0

Platform: 
  darwin x64

Trace: 
  Error: https://registry.npmjs.org/wei-ui: Not found
      at Request.params.callback [as _callback] (/Users/macbook/.nvm/versions/node/v16.18.0/lib/node_modules/yarn/lib/cli.js:66145:18)
      at Request.self.callback (/Users/macbook/.nvm/versions/node/v16.18.0/lib/node_modules/yarn/lib/cli.js:140890:22)
      at Request.emit (node:events:513:28)
      at Request.<anonymous> (/Users/macbook/.nvm/versions/node/v16.18.0/lib/node_modules/yarn/lib/cli.js:141862:10)
      at Request.emit (node:events:513:28)
      at IncomingMessage.<anonymous> (/Users/macbook/.nvm/versions/node/v16.18.0/lib/node_modules/yarn/lib/cli.js:141784:12)
      at Object.onceWrapper (node:events:627:28)
      at IncomingMessage.emit (node:events:525:35)
      at endReadableNT (node:internal/streams/readable:1358:12)
      at processTicksAndRejections (node:internal/process/task_queues:83:21)

npm manifest: 
  {
    "name": "wei-ui",
    "version": "0.0.1-alpha.0",
    "description": "基于elementUI-plus的高阶组件库",
    "private": false,
    "main": "dist/wei-ui.umd.js",
    "module": "dist/wei-ui.es.js",
    "style": "dist/style.css",
    "type": "module",
    "files": [
      "dist"
    ],
    "exports": {
      ".": {
        "import": "./dist/wei-ui.es.js",
        "require": "./dist/wei-ui.umd.js"
      },
      "./*": "./*"
    },
    "scripts": {
      "dev": "vite",
      "docs:dev": "vitepress dev docs",
      "build": "vue-tsc --noEmit && vite build ",
      "docs:build": "vitepress build docs",
      "docs:serve": "vitepress serve docs",
      "build:production": "vue-tsc --noEmit && vite build --mode production"
    },
    "keywords": [
      "vue3",
      "vite",
      "component",
      "ui",
      "typescript"
    ],
    "author": "Wayne1308",
    "license": "ISC",
    "devDependencies": {
      "@types/node": "^18.11.9",
      "typescript": "^4.8.4",
      "vitepress": "1.0.0-alpha.28"
    },
    "dependencies": {
      "@vitejs/plugin-vue-jsx": "^2.1.1",
      "@vitepress-demo-preview/component": "^2.0.2",
      "@vitepress-demo-preview/plugin": "^1.1.5",
      "element-plus": "^2.2.21",
      "less": "^4.1.3",
      "vite": "^3.2.3",
      "vue": "^3.2.45",
      "vue-tsc": "^1.0.9"
    },
    "repository": {
      "type": "git",
      "url": "git@github.com:Wayne1308/weiUI.git"
    }
  }

yarn manifest: 
  No manifest

Lockfile: 
  No lockfile
